# JRE version: Java(TM) SE Runtime Environment (8.0_25-b17) (build 1.8.0_25-b17)
# Java VM: Java HotSpot(TM) 64-Bit Server VM (25.25-b02 mixed mode bsd-amd64 compressed oops)
Heap:
 PSYoungGen      total 295936K, used 104055K [0x00000007aab00000, 0x00000007c0000000, 0x00000007c0000000)
  eden space 239616K, 39% used [0x00000007aab00000,0x00000007b0805f88,0x00000007b9500000)
  from space 56320K, 15% used [0x00000007bc900000,0x00000007bd198000,0x00000007c0000000)
  to   space 53248K, 0% used [0x00000007b9500000,0x00000007b9500000,0x00000007bc900000)
 ParOldGen       total 699392K, used 102122K [0x0000000780000000, 0x00000007aab00000, 0x00000007aab00000)
  object space 699392K, 14% used [0x0000000780000000,0x00000007863baa40,0x00000007aab00000)
 Metaspace       used 147702K, capacity 150853K, committed 151212K, reserved 1175552K
  class space    used 24789K, capacity 25648K, committed 25772K, reserved 1048576K
GC Heap History (10 events):
Event: 56851.163 GC heap before
{Heap before GC invocations=36 (full 2):
 PSYoungGen      total 280064K, used 212192K [0x00000007aab00000, 0x00000007c0000000, 0x00000007c0000000)
  eden space 211968K, 100% used [0x00000007aab00000,0x00000007b7a00000,0x00000007b7a00000)
  from space 68096K, 0% used [0x00000007b7a00000,0x00000007b7a38000,0x00000007bbc80000)
  to   space 67072K, 0% used [0x00000007bbe80000,0x00000007bbe80000,0x00000007c0000000)
 ParOldGen       total 699392K, used 100112K [0x0000000780000000, 0x00000007aab00000, 0x00000007aab00000)
  object space 699392K, 14% used [0x0000000780000000,0x00000007861c41d0,0x00000007aab00000)
 Metaspace       used 147476K, capacity 150597K, committed 150956K, reserved 1175552K
  class space    used 24789K, capacity 25648K, committed 25772K, reserved 1048576K
Event: 56851.166 GC heap after
Heap after GC invocations=36 (full 2):
 PSYoungGen      total 283648K, used 160K [0x00000007aab00000, 0x00000007c0000000, 0x00000007c0000000)
  eden space 216576K, 0% used [0x00000007aab00000,0x00000007aab00000,0x00000007b7e80000)
  from space 67072K, 0% used [0x00000007bbe80000,0x00000007bbea8000,0x00000007c0000000)
  to   space 65536K, 0% used [0x00000007b7e80000,0x00000007b7e80000,0x00000007bbe80000)
 ParOldGen       total 699392K, used 100112K [0x0000000780000000, 0x00000007aab00000, 0x00000007aab00000)
  object space 699392K, 14% used [0x0000000780000000,0x00000007861c41d0,0x00000007aab00000)
 Metaspace       used 147476K, capacity 150597K, committed 150956K, reserved 1175552K
  class space    used 24789K, capacity 25648K, committed 25772K, reserved 1048576K
}
Event: 61474.751 GC heap before
{Heap before GC invocations=37 (full 2):
 PSYoungGen      total 283648K, used 216736K [0x00000007aab00000, 0x00000007c0000000, 0x00000007c0000000)
  eden space 216576K, 100% used [0x00000007aab00000,0x00000007b7e80000,0x00000007b7e80000)
  from space 67072K, 0% used [0x00000007bbe80000,0x00000007bbea8000,0x00000007c0000000)
  to   space 65536K, 0% used [0x00000007b7e80000,0x00000007b7e80000,0x00000007bbe80000)
 ParOldGen       total 699392K, used 100112K [0x0000000780000000, 0x00000007aab00000, 0x00000007aab00000)
  object space 699392K, 14% used [0x0000000780000000,0x00000007861c41d0,0x00000007aab00000)
 Metaspace       used 147660K, capacity 150789K, committed 150956K, reserved 1175552K
  class space    used 24789K, capacity 25648K, committed 25772K, reserved 1048576K
Event: 61474.768 GC heap after
Heap after GC invocations=37 (full 2):
 PSYoungGen      total 282112K, used 7872K [0x00000007aab00000, 0x00000007c0000000, 0x00000007c0000000)
  eden space 216576K, 0% used [0x00000007aab00000,0x00000007aab00000,0x00000007b7e80000)
  from space 65536K, 12% used [0x00000007b7e80000,0x00000007b8630000,0x00000007bbe80000)
  to   space 62464K, 0% used [0x00000007bc300000,0x00000007bc300000,0x00000007c0000000)
 ParOldGen       total 699392K, used 100120K [0x0000000780000000, 0x00000007aab00000, 0x00000007aab00000)
  object space 699392K, 14% used [0x0000000780000000,0x00000007861c61d0,0x00000007aab00000)
 Metaspace       used 147660K, capacity 150789K, committed 150956K, reserved 1175552K
  class space    used 24789K, capacity 25648K, committed 25772K, reserved 1048576K
}
Event: 66527.150 GC heap before
{Heap before GC invocations=38 (full 2):
 PSYoungGen      total 282112K, used 224448K [0x00000007aab00000, 0x00000007c0000000, 0x00000007c0000000)
  eden space 216576K, 100% used [0x00000007aab00000,0x00000007b7e80000,0x00000007b7e80000)
  from space 65536K, 12% used [0x00000007b7e80000,0x00000007b8630000,0x00000007bbe80000)
  to   space 62464K, 0% used [0x00000007bc300000,0x00000007bc300000,0x00000007c0000000)
 ParOldGen       total 699392K, used 100120K [0x0000000780000000, 0x00000007aab00000, 0x00000007aab00000)
  object space 699392K, 14% used [0x0000000780000000,0x00000007861c61d0,0x00000007aab00000)
 Metaspace       used 147675K, capacity 150789K, committed 150956K, reserved 1175552K
  class space    used 24789K, capacity 25648K, committed 25772K, reserved 1048576K
Event: 66527.205 GC heap after
Heap after GC invocations=38 (full 2):
 PSYoungGen      total 289792K, used 8160K [0x00000007aab00000, 0x00000007c0000000, 0x00000007c0000000)
  eden space 227328K, 0% used [0x00000007aab00000,0x00000007aab00000,0x00000007b8900000)
  from space 62464K, 13% used [0x00000007bc300000,0x00000007bcaf8010,0x00000007c0000000)
  to   space 59392K, 0% used [0x00000007b8900000,0x00000007b8900000,0x00000007bc300000)
 ParOldGen       total 699392K, used 101001K [0x0000000780000000, 0x00000007aab00000, 0x00000007aab00000)
  object space 699392K, 14% used [0x0000000780000000,0x00000007862a2590,0x00000007aab00000)
 Metaspace       used 147675K, capacity 150789K, committed 150956K, reserved 1175552K
  class space    used 24789K, capacity 25648K, committed 25772K, reserved 1048576K
}
Event: 71655.541 GC heap before
{Heap before GC invocations=39 (full 2):
 PSYoungGen      total 289792K, used 235488K [0x00000007aab00000, 0x00000007c0000000, 0x00000007c0000000)
  eden space 227328K, 100% used [0x00000007aab00000,0x00000007b8900000,0x00000007b8900000)
  from space 62464K, 13% used [0x00000007bc300000,0x00000007bcaf8010,0x00000007c0000000)
  to   space 59392K, 0% used [0x00000007b8900000,0x00000007b8900000,0x00000007bc300000)
 ParOldGen       total 699392K, used 101001K [0x0000000780000000, 0x00000007aab00000, 0x00000007aab00000)
  object space 699392K, 14% used [0x0000000780000000,0x00000007862a2590,0x00000007aab00000)
 Metaspace       used 147698K, capacity 150853K, committed 151212K, reserved 1175552K
  class space    used 24789K, capacity 25648K, committed 25772K, reserved 1048576K
Event: 71655.648 GC heap after
Heap after GC invocations=39 (full 2):
 PSYoungGen      total 286720K, used 8704K [0x00000007aab00000, 0x00000007c0000000, 0x00000007c0000000)
  eden space 227328K, 0% used [0x00000007aab00000,0x00000007aab00000,0x00000007b8900000)
  from space 59392K, 14% used [0x00000007b8900000,0x00000007b9180010,0x00000007bc300000)
  to   space 56320K, 0% used [0x00000007bc900000,0x00000007bc900000,0x00000007c0000000)
 ParOldGen       total 699392K, used 101241K [0x0000000780000000, 0x00000007aab00000, 0x00000007aab00000)
  object space 699392K, 14% used [0x0000000780000000,0x00000007862de680,0x00000007aab00000)
 Metaspace       used 147698K, capacity 150853K, committed 151212K, reserved 1175552K
  class space    used 24789K, capacity 25648K, committed 25772K, reserved 1048576K
}
Event: 76378.710 GC heap before
{Heap before GC invocations=40 (full 2):
 PSYoungGen      total 286720K, used 236032K [0x00000007aab00000, 0x00000007c0000000, 0x00000007c0000000)
  eden space 227328K, 100% used [0x00000007aab00000,0x00000007b8900000,0x00000007b8900000)
  from space 59392K, 14% used [0x00000007b8900000,0x00000007b9180010,0x00000007bc300000)
  to   space 56320K, 0% used [0x00000007bc900000,0x00000007bc900000,0x00000007c0000000)
 ParOldGen       total 699392K, used 101241K [0x0000000780000000, 0x00000007aab00000, 0x00000007aab00000)
  object space 699392K, 14% used [0x0000000780000000,0x00000007862de680,0x00000007aab00000)
 Metaspace       used 147702K, capacity 150853K, committed 151212K, reserved 1175552K
  class space    used 24789K, capacity 25648K, committed 25772K, reserved 1048576K
Event: 76378.786 GC heap after
Heap after GC invocations=40 (full 2):
 PSYoungGen      total 295936K, used 8800K [0x00000007aab00000, 0x00000007c0000000, 0x00000007c0000000)
  eden space 239616K, 0% used [0x00000007aab00000,0x00000007aab00000,0x00000007b9500000)
  from space 56320K, 15% used [0x00000007bc900000,0x00000007bd198000,0x00000007c0000000)
  to   space 53248K, 0% used [0x00000007b9500000,0x00000007b9500000,0x00000007bc900000)
 ParOldGen       total 699392K, used 102122K [0x0000000780000000, 0x00000007aab00000, 0x00000007aab00000)
  object space 699392K, 14% used [0x0000000780000000,0x00000007863baa40,0x00000007aab00000)
 Metaspace       used 147702K, capacity 150853K, committed 151212K, reserved 1175552K
  class space    used 24789K, capacity 25648K, committed 25772K, reserved 1048576K
}

